#
# There is insufficient memory for the Java Runtime Environment to continue.
# Native memory allocation (malloc) failed to allocate 1161936 bytes for Chunk::new
# Possible reasons:
#   The system is out of physical RAM or swap space
#   The process is running with CompressedOops enabled, and the Java Heap may be blocking the growth of the native heap
# Possible solutions:
#   Reduce memory load on the system
#   Increase physical memory or swap space
#   Check if swap backing store is full
#   Decrease Java heap size (-Xmx/-Xms)
#   Decrease number of Java threads
#   Decrease Java thread stack sizes (-Xss)
#   Set larger code cache with -XX:ReservedCodeCacheSize=
#   JVM is running with Unscaled Compressed Oops mode in which the Java heap is
#     placed in the first 4GB address space. The Java Heap base address is the
#     maximum limit for the native heap growth. Please use -XX:HeapBaseMinAddress
#     to set the Java Heap base and to place the Java Heap above 4GB virtual address.
# This output file may be truncated or incomplete.
#
#  Out of Memory Error (allocation.cpp:389), pid=17772, tid=0x0000000000004950
#
# JRE version: OpenJDK Runtime Environment (8.0_242-b01) (build 1.8.0_242-release-1644-b01)
# Java VM: OpenJDK 64-Bit Server VM (25.242-b01 mixed mode windows-amd64 compressed oops)
# Failed to write core dump. Minidumps are not enabled by default on client versions of Windows
#

---------------  T H R E A D  ---------------

Current thread (0x0000000019c70800):  JavaThread "C2 CompilerThread1" daemon [_thread_in_native, id=18768, stack(0x000000001b3b0000,0x000000001b4b0000)]

Stack: [0x000000001b3b0000,0x000000001b4b0000]
[error occurred during error reporting (printing stack bounds), id 0xc0000005]

Native frames: (J=compiled Java code, j=interpreted, Vv=VM code, C=native code)


Current CompileTask:
C2:9524004 39134       4       com.android.tools.r8.ir.regalloc.a::a (3992 bytes)


---------------  P R O C E S S  ---------------

Java Threads: ( => current thread )
  0x000000001c3f2800 JavaThread "WorkerExecutor Queue Thread 13" [_thread_blocked, id=15840, stack(0x0000000039a60000,0x0000000039b60000)]
  0x000000001c3f1800 JavaThread "WorkerExecutor Queue Thread 12" [_thread_blocked, id=1204, stack(0x0000000036260000,0x0000000036360000)]
  0x000000001c3ec800 JavaThread "WorkerExecutor Queue Thread 11" [_thread_blocked, id=9532, stack(0x0000000035f60000,0x0000000036060000)]
  0x000000001c3e5000 JavaThread "WorkerExecutor Queue Thread 10" [_thread_blocked, id=11908, stack(0x0000000035e60000,0x0000000035f60000)]
  0x000000001c3e4000 JavaThread "WorkerExecutor Queue Thread 9" [_thread_blocked, id=18800, stack(0x0000000035d60000,0x0000000035e60000)]
  0x000000001c3e8000 JavaThread "WorkerExecutor Queue Thread 8" [_thread_blocked, id=1804, stack(0x0000000035a80000,0x0000000035b80000)]
  0x000000001c3e7000 JavaThread "WorkerExecutor Queue Thread 7" [_thread_blocked, id=11336, stack(0x0000000034b10000,0x0000000034c10000)]
  0x000000001c3ea000 JavaThread "WorkerExecutor Queue Thread 6" [_thread_blocked, id=3508, stack(0x0000000034a10000,0x0000000034b10000)]
  0x000000001c3e6800 JavaThread "WorkerExecutor Queue Thread 5" [_thread_blocked, id=16748, stack(0x0000000034730000,0x0000000034830000)]
  0x000000001d913000 JavaThread "WorkerExecutor Queue Thread 4" [_thread_in_Java, id=16220, stack(0x0000000035980000,0x0000000035a80000)]
  0x000000001d91a000 JavaThread "WorkerExecutor Queue Thread 3" [_thread_blocked, id=12092, stack(0x0000000035190000,0x0000000035290000)]
  0x000000001d918800 JavaThread "WorkerExecutor Queue Thread 2" [_thread_blocked, id=16776, stack(0x0000000035090000,0x0000000035190000)]
  0x000000001d919000 JavaThread "stdout" [_thread_in_native, id=3676, stack(0x0000000034270000,0x0000000034370000)]
  0x000000001d916000 JavaThread "stderr" [_thread_in_native, id=16124, stack(0x0000000034170000,0x0000000034270000)]
  0x000000001d914000 JavaThread "pool-118-thread-1" [_thread_blocked, id=18788, stack(0x0000000034070000,0x0000000034170000)]
  0x000000001d912800 JavaThread "WorkerExecutor Queue" [_thread_blocked, id=17316, stack(0x0000000033f70000,0x0000000034070000)]
  0x000000001d911000 JavaThread "Cache worker for execution history cache (C:\Users\v14nt\AndroidStudioProjects\Minggu_4\.gradle\6.5\executionHistory)" [_thread_blocked, id=16864, stack(0x0000000033e70000,0x0000000033f70000)]
  0x00000000229d9000 JavaThread "Execution worker for ':' Thread 11" [_thread_blocked, id=2924, stack(0x00000000336f0000,0x00000000337f0000)]
  0x00000000229d8000 JavaThread "Execution worker for ':' Thread 10" [_thread_blocked, id=1520, stack(0x00000000332d0000,0x00000000333d0000)]
  0x00000000229d7800 JavaThread "Execution worker for ':' Thread 9" [_thread_blocked, id=19332, stack(0x0000000032fd0000,0x00000000330d0000)]
  0x00000000229d6000 JavaThread "Execution worker for ':' Thread 8" [_thread_blocked, id=15424, stack(0x0000000032ed0000,0x0000000032fd0000)]
  0x00000000229dc000 JavaThread "Execution worker for ':' Thread 7" [_thread_blocked, id=18648, stack(0x0000000032dd0000,0x0000000032ed0000)]
  0x00000000229d6800 JavaThread "Execution worker for ':' Thread 6" [_thread_blocked, id=10872, stack(0x0000000031c20000,0x0000000031d20000)]
  0x00000000229da800 JavaThread "Execution worker for ':' Thread 5" [_thread_blocked, id=13672, stack(0x0000000031b20000,0x0000000031c20000)]
  0x00000000229ce800 JavaThread "Execution worker for ':' Thread 4" [_thread_blocked, id=11216, stack(0x0000000031a20000,0x0000000031b20000)]
  0x00000000229d5000 JavaThread "Execution worker for ':' Thread 3" [_thread_blocked, id=18412, stack(0x0000000031920000,0x0000000031a20000)]
  0x00000000229cd800 JavaThread "Execution worker for ':' Thread 2" [_thread_blocked, id=7048, stack(0x0000000031820000,0x0000000031920000)]
  0x00000000229d4800 JavaThread "Execution worker for ':'" [_thread_blocked, id=5236, stack(0x0000000031720000,0x0000000031820000)]
  0x00000000229d3800 JavaThread "Cache worker for file content cache (C:\Users\v14nt\AndroidStudioProjects\Minggu_4\.gradle\6.5\fileContent)" [_thread_blocked, id=12808, stack(0x0000000030200000,0x0000000030300000)]
  0x00000000229cf000 JavaThread "pool-117-thread-1" [_thread_blocked, id=13736, stack(0x000000002e070000,0x000000002e170000)]
  0x00000000229d3000 JavaThread "Cache worker for Build Output Cleanup Cache (C:\Users\v14nt\AndroidStudioProjects\Minggu_4\.gradle\buildOutputCleanup)" [_thread_blocked, id=11636, stack(0x000000002ccc0000,0x000000002cdc0000)]
  0x00000000227c0800 JavaThread "jar transforms Thread 3588" [_thread_blocked, id=10720, stack(0x000000002c9c0000,0x000000002cac0000)]
  0x00000000227c0000 JavaThread "jar transforms Thread 3587" [_thread_blocked, id=12756, stack(0x000000002c8c0000,0x000000002c9c0000)]
  0x00000000227be800 JavaThread "jar transforms Thread 3586" [_thread_blocked, id=4032, stack(0x000000002c7c0000,0x000000002c8c0000)]
  0x00000000227bd800 JavaThread "jar transforms Thread 3585" [_thread_blocked, id=7484, stack(0x000000002c6c0000,0x000000002c7c0000)]
  0x00000000227b6000 JavaThread "jar transforms Thread 3584" [_thread_blocked, id=16548, stack(0x000000002c5c0000,0x000000002c6c0000)]
  0x00000000227bd000 JavaThread "jar transforms Thread 3583" [_thread_blocked, id=2696, stack(0x000000002c4c0000,0x000000002c5c0000)]
  0x00000000227bc000 JavaThread "jar transforms Thread 3582" [_thread_blocked, id=11464, stack(0x000000002c3c0000,0x000000002c4c0000)]
  0x00000000227bb800 JavaThread "jar transforms Thread 3581" [_thread_blocked, id=13200, stack(0x000000002c2c0000,0x000000002c3c0000)]
  0x00000000227b7000 JavaThread "jar transforms Thread 3580" [_thread_blocked, id=14460, stack(0x000000002c1c0000,0x000000002c2c0000)]
  0x00000000227ba800 JavaThread "jar transforms Thread 3579" [_thread_blocked, id=16088, stack(0x000000002c0c0000,0x000000002c1c0000)]
  0x00000000227b3000 JavaThread "jar transforms Thread 3578" [_thread_blocked, id=10320, stack(0x000000002bfc0000,0x000000002c0c0000)]
  0x00000000227ba000 JavaThread "jar transforms Thread 3577" [_thread_blocked, id=7176, stack(0x000000002bec0000,0x000000002bfc0000)]
  0x00000000227b9000 JavaThread "jar transforms Thread 3576" [_thread_blocked, id=9596, stack(0x000000002bdc0000,0x000000002bec0000)]
  0x00000000227b2800 JavaThread "jar transforms Thread 3575" [_thread_blocked, id=19064, stack(0x000000002bcc0000,0x000000002bdc0000)]
  0x00000000227b5800 JavaThread "jar transforms Thread 3574" [_thread_blocked, id=16508, stack(0x000000002bbc0000,0x000000002bcc0000)]
  0x00000000227b1800 JavaThread "jar transforms Thread 3573" [_thread_blocked, id=17220, stack(0x000000002bac0000,0x000000002bbc0000)]
  0x00000000227b4000 JavaThread "jar transforms Thread 3572" [_thread_blocked, id=2104, stack(0x000000002b9c0000,0x000000002bac0000)]
  0x00000000227b7800 JavaThread "jar transforms Thread 3571" [_thread_blocked, id=10312, stack(0x000000002b8c0000,0x000000002b9c0000)]
  0x00000000227b8800 JavaThread "jar transforms Thread 3570" [_thread_blocked, id=17568, stack(0x000000002b7c0000,0x000000002b8c0000)]
  0x00000000227b4800 JavaThread "jar transforms Thread 3569" [_thread_blocked, id=18460, stack(0x000000002b6c0000,0x000000002b7c0000)]
  0x000000001cc16800 JavaThread "jar transforms Thread 3568" [_thread_blocked, id=2240, stack(0x000000002b5c0000,0x000000002b6c0000)]
  0x000000001cc0f000 JavaThread "jar transforms Thread 3567" [_thread_blocked, id=19452, stack(0x000000002b4c0000,0x000000002b5c0000)]
  0x000000001cc16000 JavaThread "jar transforms Thread 3566" [_thread_blocked, id=5764, stack(0x000000002b3c0000,0x000000002b4c0000)]
  0x000000001cc15000 JavaThread "jar transforms Thread 3565" [_thread_blocked, id=14732, stack(0x000000002b2c0000,0x000000002b3c0000)]
  0x000000001cc13800 JavaThread "jar transforms Thread 3564" [_thread_blocked, id=18640, stack(0x000000002b1c0000,0x000000002b2c0000)]
  0x000000001cc14800 JavaThread "jar transforms Thread 3563" [_thread_blocked, id=1376, stack(0x000000002b0c0000,0x000000002b1c0000)]
  0x000000001cc13000 JavaThread "jar transforms Thread 3562" [_thread_blocked, id=5904, stack(0x000000002afc0000,0x000000002b0c0000)]
  0x000000001cc11800 JavaThread "jar transforms Thread 3561" [_thread_blocked, id=18836, stack(0x000000002aec0000,0x000000002afc0000)]
  0x000000001cc0d800 JavaThread "jar transforms Thread 3560" [_thread_blocked, id=16940, stack(0x000000002adc0000,0x000000002aec0000)]
  0x000000001cc0e800 JavaThread "jar transforms Thread 3559" [_thread_blocked, id=17060, stack(0x000000002acc0000,0x000000002adc0000)]
  0x000000001cc10000 JavaThread "jar transforms Thread 3558" [_thread_blocked, id=17872, stack(0x000000002abc0000,0x000000002acc0000)]
  0x000000001cc10800 JavaThread "jar transforms Thread 3557" [_thread_blocked, id=16216, stack(0x000000002aac0000,0x000000002abc0000)]
  0x000000001cc12000 JavaThread "jar transforms Thread 3556" [_thread_blocked, id=16264, stack(0x000000002a9c0000,0x000000002aac0000)]
  0x000000001cc06000 JavaThread "jar transforms Thread 3555" [_thread_blocked, id=18320, stack(0x000000002a8c0000,0x000000002a9c0000)]
  0x000000001cc0c000 JavaThread "jar transforms Thread 3554" [_thread_blocked, id=9496, stack(0x000000002a7c0000,0x000000002a8c0000)]
  0x000000001cc0d000 JavaThread "jar transforms Thread 3553" [_thread_blocked, id=16308, stack(0x000000002a6c0000,0x000000002a7c0000)]
  0x000000001cc0b800 JavaThread "jar transforms Thread 3552" [_thread_blocked, id=2408, stack(0x000000002a5c0000,0x000000002a6c0000)]
  0x000000001cc05800 JavaThread "jar transforms Thread 3551" [_thread_blocked, id=15652, stack(0x000000002a4c0000,0x000000002a5c0000)]
  0x000000001cc0a800 JavaThread "jar transforms Thread 3550" [_thread_blocked, id=14328, stack(0x000000002a3c0000,0x000000002a4c0000)]
  0x000000001cc04800 JavaThread "jar transforms Thread 3549" [_thread_blocked, id=8684, stack(0x000000002a2c0000,0x000000002a3c0000)]
  0x000000001cc0a000 JavaThread "jar transforms Thread 3548" [_thread_blocked, id=3312, stack(0x000000002a1c0000,0x000000002a2c0000)]
  0x000000001cc09000 JavaThread "jar transforms Thread 3547" [_thread_blocked, id=14580, stack(0x000000002a0c0000,0x000000002a1c0000)]
  0x000000001cc07800 JavaThread "jar transforms Thread 3546" [_thread_blocked, id=8616, stack(0x0000000029fc0000,0x000000002a0c0000)]
  0x000000001cc07000 JavaThread "jar transforms Thread 3545" [_thread_blocked, id=12928, stack(0x0000000029ec0000,0x0000000029fc0000)]
  0x000000001cc08800 JavaThread "jar transforms Thread 3544" [_thread_blocked, id=10424, stack(0x0000000029dc0000,0x0000000029ec0000)]
  0x000000001cbfd000 JavaThread "jar transforms Thread 3543" [_thread_blocked, id=16916, stack(0x0000000029cc0000,0x0000000029dc0000)]
  0x000000001cc04000 JavaThread "jar transforms Thread 3542" [_thread_blocked, id=1556, stack(0x0000000029bc0000,0x0000000029cc0000)]
  0x000000001cc03000 JavaThread "jar transforms Thread 3541" [_thread_blocked, id=14128, stack(0x0000000029ac0000,0x0000000029bc0000)]
  0x000000001cc01800 JavaThread "jar transforms Thread 3540" [_thread_blocked, id=1240, stack(0x00000000299c0000,0x0000000029ac0000)]
  0x000000001cbff800 JavaThread "jar transforms Thread 3539" [_thread_blocked, id=1956, stack(0x00000000298c0000,0x00000000299c0000)]
  0x000000001cc01000 JavaThread "jar transforms Thread 3538" [_thread_blocked, id=4972, stack(0x00000000297c0000,0x00000000298c0000)]
  0x000000001cc02800 JavaThread "jar transforms Thread 3537" [_thread_blocked, id=12568, stack(0x00000000296c0000,0x00000000297c0000)]
  0x000000001cbf9800 JavaThread "jar transforms Thread 3536" [_thread_blocked, id=19020, stack(0x00000000295c0000,0x00000000296c0000)]
  0x000000001cbfc800 JavaThread "jar transforms Thread 3535" [_thread_blocked, id=17392, stack(0x00000000294c0000,0x00000000295c0000)]
  0x000000001cbfb800 JavaThread "jar transforms Thread 3534" [_thread_blocked, id=13292, stack(0x00000000293c0000,0x00000000294c0000)]
  0x000000001cbfa000 JavaThread "jar transforms Thread 3533" [_thread_blocked, id=5436, stack(0x00000000292c0000,0x00000000293c0000)]
  0x000000001cbfb000 JavaThread "jar transforms Thread 3532" [_thread_blocked, id=15352, stack(0x00000000291c0000,0x00000000292c0000)]
  0x000000001cbfe800 JavaThread "jar transforms Thread 3531" [_thread_blocked, id=280, stack(0x00000000290c0000,0x00000000291c0000)]
  0x000000001cc00000 JavaThread "jar transforms Thread 3530" [_thread_blocked, id=4960, stack(0x0000000028fc0000,0x00000000290c0000)]
  0x000000001cbf8800 JavaThread "jar transforms Thread 3529" [_thread_blocked, id=3504, stack(0x0000000028ec0000,0x0000000028fc0000)]
  0x000000001cbfe000 JavaThread "jar transforms Thread 3528" [_thread_blocked, id=18484, stack(0x0000000028dc0000,0x0000000028ec0000)]
  0x000000003d7ce000 JavaThread "jar transforms Thread 3527" [_thread_blocked, id=12456, stack(0x0000000028cc0000,0x0000000028dc0000)]
  0x000000003d7cd800 JavaThread "jar transforms Thread 3526" [_thread_blocked, id=9572, stack(0x0000000028bc0000,0x0000000028cc0000)]
  0x000000003d7cc800 JavaThread "jar transforms Thread 3525" [_thread_blocked, id=10740, stack(0x0000000028ac0000,0x0000000028bc0000)]
  0x000000003d7cc000 JavaThread "jar transforms Thread 3524" [_thread_blocked, id=13184, stack(0x00000000289c0000,0x0000000028ac0000)]
  0x000000003d7c4800 JavaThread "jar transforms Thread 3523" [_thread_blocked, id=12476, stack(0x00000000288c0000,0x00000000289c0000)]
  0x000000003d7cb000 JavaThread "jar transforms Thread 3522" [_thread_blocked, id=5216, stack(0x00000000287c0000,0x00000000288c0000)]
  0x000000003d7ca800 JavaThread "jar transforms Thread 3521" [_thread_blocked, id=16824, stack(0x00000000286c0000,0x00000000287c0000)]
  0x000000003d7c9800 JavaThread "jar transforms Thread 3520" [_thread_blocked, id=18992, stack(0x00000000285c0000,0x00000000286c0000)]
  0x000000003d7c7800 JavaThread "jar transforms Thread 3519" [_thread_blocked, id=18388, stack(0x00000000284c0000,0x00000000285c0000)]
  0x000000003d7c6800 JavaThread "jar transforms Thread 3518" [_thread_blocked, id=17560, stack(0x00000000283c0000,0x00000000284c0000)]
  0x000000003d7c6000 JavaThread "jar transforms Thread 3517" [_thread_blocked, id=18464, stack(0x00000000282c0000,0x00000000283c0000)]
  0x000000003d7c9000 JavaThread "jar transforms Thread 3516" [_thread_blocked, id=14576, stack(0x0000000027f60000,0x0000000028060000)]
  0x000000003d7c8000 JavaThread "jar transforms Thread 3515" [_thread_blocked, id=15832, stack(0x0000000027e60000,0x0000000027f60000)]
  0x000000003d7c5000 JavaThread "jar transforms Thread 3514" [_thread_blocked, id=19312, stack(0x0000000027d60000,0x0000000027e60000)]
  0x000000003d7bd000 JavaThread "jar transforms Thread 3513" [_thread_blocked, id=15644, stack(0x00000000279c0000,0x0000000027ac0000)]
  0x000000003d7c3800 JavaThread "jar transforms Thread 3512" [_thread_blocked, id=13356, stack(0x00000000278c0000,0x00000000279c0000)]
  0x000000003d7c3000 JavaThread "jar transforms Thread 3511" [_thread_blocked, id=18340, stack(0x00000000277c0000,0x00000000278c0000)]
  0x000000003d7bb800 JavaThread "jar transforms Thread 3510" [_thread_blocked, id=11148, stack(0x00000000276c0000,0x00000000277c0000)]
  0x000000003d7bc000 JavaThread "jar transforms Thread 3509" [_thread_blocked, id=10412, stack(0x00000000275c0000,0x00000000276c0000)]
  0x000000003d7c2000 JavaThread "jar transforms Thread 3508" [_thread_blocked, id=9000, stack(0x00000000274c0000,0x00000000275c0000)]
  0x000000003d7c1800 JavaThread "jar transforms Thread 3507" [_thread_blocked, id=16700, stack(0x0000000026930000,0x0000000026a30000)]
  0x000000003d7bf000 JavaThread "jar transforms Thread 3506" [_thread_blocked, id=4292, stack(0x0000000026210000,0x0000000026310000)]
  0x000000003d7c0800 JavaThread "jar transforms Thread 3505" [_thread_blocked, id=18192, stack(0x0000000024940000,0x0000000024a40000)]
  0x000000003d7b9000 JavaThread "jar transforms Thread 3504" [_thread_blocked, id=7272, stack(0x0000000024440000,0x0000000024540000)]
  0x000000003d7c0000 JavaThread "jar transforms Thread 3503" [_thread_blocked, id=10252, stack(0x0000000024340000,0x0000000024440000)]
  0x000000003d7ba800 JavaThread "jar transforms Thread 3502" [_thread_blocked, id=15164, stack(0x0000000024240000,0x0000000024340000)]
  0x000000003d7be800 JavaThread "jar transforms Thread 3501" [_thread_blocked, id=9372, stack(0x0000000024140000,0x0000000024240000)]
  0x000000003d7ba000 JavaThread "jar transforms Thread 3500" [_thread_blocked, id=18848, stack(0x0000000024040000,0x0000000024140000)]
  0x000000003d7b8800 JavaThread "jar transforms Thread 3499" [_thread_blocked, id=816, stack(0x0000000023f40000,0x0000000024040000)]
  0x000000003d7bd800 JavaThread "jar transforms Thread 3498" [_thread_blocked, id=5716, stack(0x0000000023e40000,0x0000000023f40000)]
  0x000000003d7b1000 JavaThread "jar transforms Thread 3497" [_thread_blocked, id=12980, stack(0x0000000023d40000,0x0000000023e40000)]
  0x000000003d7b1800 JavaThread "Build operations Thread 12" [_thread_blocked, id=9156, stack(0x0000000023c40000,0x0000000023d40000)]
  0x000000003d7b7800 JavaThread "Build operations Thread 11" [_thread_blocked, id=4100, stack(0x0000000023b40000,0x0000000023c40000)]
  0x000000003d7b0000 JavaThread "Build operations Thread 10" [_thread_blocked, id=17972, stack(0x0000000023a40000,0x0000000023b40000)]
  0x000000003d7b7000 JavaThread "Build operations Thread 9" [_thread_blocked, id=1112, stack(0x0000000023940000,0x0000000023a40000)]
  0x000000003d7b5800 JavaThread "Build operations Thread 8" [_thread_blocked, id=1760, stack(0x0000000023840000,0x0000000023940000)]
  0x000000003d7af000 JavaThread "Build operations Thread 7" [_thread_blocked, id=6676, stack(0x0000000023740000,0x0000000023840000)]
  0x000000003d7b6000 JavaThread "Build operations Thread 6" [_thread_blocked, id=14428, stack(0x0000000023640000,0x0000000023740000)]
  0x000000003d7b2800 JavaThread "Build operations Thread 5" [_thread_blocked, id=8876, stack(0x0000000023540000,0x0000000023640000)]
  0x000000003d7b4800 JavaThread "Build operations Thread 4" [_thread_blocked, id=16276, stack(0x0000000022390000,0x0000000022490000)]
  0x000000003d7b3000 JavaThread "Build operations Thread 3" [_thread_blocked, id=15392, stack(0x0000000021fd0000,0x00000000220d0000)]
  0x000000002195f800 JavaThread "Build operations Thread 2" [_thread_blocked, id=4160, stack(0x0000000020ca0000,0x0000000020da0000)]
  0x0000000021960800 JavaThread "Build operations" [_thread_blocked, id=14992, stack(0x000000001f4d0000,0x000000001f5d0000)]
  0x000000002195e000 JavaThread "Cache worker for cache directory md-rule (C:\Users\v14nt\.gradle\caches\6.5\md-rule)" [_thread_blocked, id=13476, stack(0x000000001f3d0000,0x000000001f4d0000)]
  0x000000002195d800 JavaThread "Cache worker for cache directory md-supplier (C:\Users\v14nt\.gradle\caches\6.5\md-supplier)" [_thread_blocked, id=11320, stack(0x000000001f2d0000,0x000000001f3d0000)]
  0x0000000021956000 JavaThread "Cache worker for checksums cache (C:\Users\v14nt\AndroidStudioProjects\Minggu_4\.gradle\checksums)" [_thread_blocked, id=17044, stack(0x000000001f1d0000,0x000000001f2d0000)]
  0x000000002195a800 JavaThread "Cache worker for file hash cache (C:\Users\v14nt\AndroidStudioProjects\Minggu_4\.gradle\6.5\fileHashes)" [_thread_blocked, id=15624, stack(0x000000001f0d0000,0x000000001f1d0000)]
  0x000000002195c800 JavaThread "Thread-5677" [_thread_blocked, id=12764, stack(0x000000001efd0000,0x000000001f0d0000)]
  0x0000000021959000 JavaThread "Stdin handler" [_thread_blocked, id=17564, stack(0x000000001ebd0000,0x000000001ecd0000)]
  0x000000002195c000 JavaThread "Asynchronous log dispatcher for DefaultDaemonConnection: socket connection from /127.0.0.1:54154 to /127.0.0.1:56285" [_thread_blocked, id=15036, stack(0x000000001e790000,0x000000001e890000)]
  0x0000000021951800 JavaThread "Daemon worker Thread 38" [_thread_blocked, id=18888, stack(0x000000001e690000,0x000000001e790000)]
  0x0000000021958000 JavaThread "Cancel handler" [_thread_blocked, id=10604, stack(0x00000000015c0000,0x00000000016c0000)]
  0x0000000021954800 JavaThread "Handler for socket connection from /127.0.0.1:54154 to /127.0.0.1:56285" [_thread_in_native, id=17152, stack(0x00000000014c0000,0x00000000015c0000)]
  0x0000000021953800 JavaThread "Daemon Thread 38" [_thread_blocked, id=16484, stack(0x00000000013c0000,0x00000000014c0000)]
  0x000000001bb6d000 JavaThread "ForkJoinPool.commonPool-worker-9" daemon [_thread_blocked, id=12340, stack(0x0000000035c60000,0x0000000035d60000)]
  0x00000000229d0800 JavaThread "Cache worker for Java compile cache (C:\Users\v14nt\.gradle\caches\6.5\javaCompile)" [_thread_blocked, id=11904, stack(0x0000000033d70000,0x0000000033e70000)]
  0x000000001c3eb000 JavaThread "Memory manager" [_thread_blocked, id=936, stack(0x000000002dc70000,0x000000002dd70000)]
  0x000000001bb78000 JavaThread "Cache worker for file content cache (C:\Users\v14nt\.gradle\caches\6.5\fileContent)" [_thread_blocked, id=16624, stack(0x0000000026110000,0x0000000026210000)]
  0x000000001bb77800 JavaThread "Cache worker for execution history cache (C:\Users\v14nt\.gradle\caches\6.5\executionHistory)" [_thread_blocked, id=15848, stack(0x0000000024c40000,0x0000000024d40000)]
  0x000000001d4cc000 JavaThread "Cache worker for file hash cache (C:\Users\v14nt\.gradle\caches\6.5\fileHashes)" [_thread_blocked, id=18824, stack(0x000000001f9d0000,0x000000001fad0000)]
  0x000000001d4ca000 JavaThread "File lock request listener" [_thread_in_native, id=4120, stack(0x000000001f8d0000,0x000000001f9d0000)]
  0x000000001d4c4800 JavaThread "Cache worker for journal cache (C:\Users\v14nt\.gradle\caches\journal-1)" [_thread_blocked, id=16944, stack(0x000000001f7d0000,0x000000001f8d0000)]
  0x000000001d326000 JavaThread "Daemon periodic checks" [_thread_blocked, id=17160, stack(0x000000001ead0000,0x000000001ebd0000)]
  0x000000001d2e5800 JavaThread "Incoming local TCP Connector on port 54154" [_thread_in_native, id=6796, stack(0x000000001e890000,0x000000001e990000)]
  0x000000001d275000 JavaThread "Daemon health stats" [_thread_blocked, id=3164, stack(0x000000001e250000,0x000000001e350000)]
  0x0000000019d08000 JavaThread "Service Thread" daemon [_thread_blocked, id=1208, stack(0x000000001b6b0000,0x000000001b7b0000)]
  0x0000000019c7b000 JavaThread "C1 CompilerThread3" daemon [_thread_blocked, id=3572, stack(0x000000001b5b0000,0x000000001b6b0000)]
  0x0000000019c7a000 JavaThread "C2 CompilerThread2" daemon [_thread_in_native, id=19328, stack(0x000000001b4b0000,0x000000001b5b0000)]
=>0x0000000019c70800 JavaThread "C2 CompilerThread1" daemon [_thread_in_native, id=18768, stack(0x000000001b3b0000,0x000000001b4b0000)]
  0x0000000019c6b800 JavaThread "C2 CompilerThread0" daemon [_thread_in_native, id=19072, stack(0x000000001b2b0000,0x000000001b3b0000)]
  0x0000000019c68800 JavaThread "Attach Listener" daemon [_thread_blocked, id=17956, stack(0x000000001b1b0000,0x000000001b2b0000)]
  0x000000001856e800 JavaThread "Signal Dispatcher" daemon [_thread_blocked, id=16628, stack(0x000000001b0b0000,0x000000001b1b0000)]
  0x00000000032eb800 JavaThread "Finalizer" daemon [_thread_blocked, id=11376, stack(0x000000001aeb0000,0x000000001afb0000)]
  0x0000000019c53000 JavaThread "Reference Handler" daemon [_thread_blocked, id=10404, stack(0x000000001adb0000,0x000000001aeb0000)]
  0x00000000031f2800 JavaThread "main" [_thread_blocked, id=15012, stack(0x00000000030f0000,0x00000000031f0000)]

Other Threads:
  0x0000000018555800 VMThread [stack: 0x000000001acb0000,0x000000001adb0000] [id=16332]
  0x0000000019cb8000 WatcherThread [stack: 0x000000001b7b0000,0x000000001b8b0000] [id=16100]

VM state:not at safepoint (normal execution)

VM Mutex/Monitor currently owned by a thread: None

heap address: 0x0000000080000000, size: 2048 MB, Compressed Oops mode: 32-bit
Narrow klass base: 0x0000000000000000, Narrow klass shift: 3
Compressed class space size: 1073741824 Address: 0x0000000100000000

Heap:
 PSYoungGen      total 627200K, used 471390K [0x00000000d5580000, 0x00000000fff80000, 0x0000000100000000)
  eden space 555520K, 83% used [0x00000000d5580000,0x00000000f1a560b0,0x00000000f7400000)
  from space 71680K, 10% used [0x00000000f7400000,0x00000000f7b81af0,0x00000000fba00000)
  to   space 71168K, 0% used [0x00000000fba00000,0x00000000fba00000,0x00000000fff80000)
 ParOldGen       total 435200K, used 247461K [0x0000000080000000, 0x000000009a900000, 0x00000000d5580000)
  object space 435200K, 56% used [0x0000000080000000,0x000000008f1a96a8,0x000000009a900000)
 Metaspace       used 125552K, capacity 136218K, committed 136424K, reserved 1167360K
  class space    used 15995K, capacity 17870K, committed 17936K, reserved 1048576K

Card table byte_map: [0x00000000126b0000,0x0000000012ac0000] byte_map_base: 0x00000000122b0000

Marking Bits: (ParMarkBitMap*) 0x0000000066eef030
 Begin Bits: [0x0000000013770000, 0x0000000015770000)
 End Bits:   [0x0000000015770000, 0x0000000017770000)

Polling page: 0x00000000017c0000

CodeCache: size=245760Kb used=103397Kb max_used=103409Kb free=142362Kb
 bounds [0x00000000032f0000, 0x00000000098a0000, 0x00000000122f0000]
 total_blobs=28707 nmethods=27752 adapters=865
 compilation: enabled

Compilation events (10 events):
Event: 9523.952 Thread 0x0000000019c7a000 nmethod 39139 0x00000000070cf7d0 code [0x00000000070cf900, 0x00000000070cf978]
Event: 9523.952 Thread 0x0000000019c7a000 38830       4       com.android.tools.r8.ir.conversion.N::a (51 bytes)
Event: 9523.986 Thread 0x0000000019c7a000 nmethod 38830 0x00000000098910d0 code [0x0000000009891360, 0x00000000098925d0]
Event: 9523.986 Thread 0x0000000019c7a000 38784       4       com.android.tools.r8.code.D0::<init> (73 bytes)
Event: 9523.987 Thread 0x0000000019c7a000 nmethod 38784 0x0000000007814810 code [0x0000000007814940, 0x00000000078149b8]
Event: 9523.987 Thread 0x0000000019c7a000 38997       4       com.android.tools.r8.q.a.a.b.C::a (16 bytes)
Event: 9523.992 Thread 0x0000000019c7a000 nmethod 38997 0x0000000009880d10 code [0x0000000009880e60, 0x00000000098810b8]
Event: 9523.992 Thread 0x0000000019c7a000 39089       4       com.android.tools.r8.s.a.h.e::a (45 bytes)
Event: 9524.002 Thread 0x0000000019c7a000 nmethod 39089 0x0000000009879410 code [0x0000000009879580, 0x00000000098798e8]
Event: 9524.002 Thread 0x0000000019c7a000 38793       4       com.android.tools.r8.z.a.a.f::a (78 bytes)

GC Heap History (10 events):
Event: 9519.039 GC heap before
{Heap before GC invocations=57 (full 4):
 PSYoungGen      total 544256K, used 524352K [0x00000000d5580000, 0x00000000fc000000, 0x0000000100000000)
  eden space 478208K, 100% used [0x00000000d5580000,0x00000000f2880000,0x00000000f2880000)
  from space 66048K, 69% used [0x00000000f6c80000,0x00000000f99900f0,0x00000000fad00000)
  to   space 69632K, 0% used [0x00000000f2880000,0x00000000f2880000,0x00000000f6c80000)
 ParOldGen       total 435200K, used 231425K [0x0000000080000000, 0x000000009a900000, 0x00000000d5580000)
  object space 435200K, 53% used [0x0000000080000000,0x000000008e200420,0x000000009a900000)
 Metaspace       used 125453K, capacity 136150K, committed 136424K, reserved 1167360K
  class space    used 15995K, capacity 17870K, committed 17936K, reserved 1048576K
Event: 9519.067 GC heap after
Heap after GC invocations=57 (full 4):
 PSYoungGen      total 547840K, used 43444K [0x00000000d5580000, 0x0000000100000000, 0x0000000100000000)
  eden space 478208K, 0% used [0x00000000d5580000,0x00000000d5580000,0x00000000f2880000)
  from space 69632K, 62% used [0x00000000f2880000,0x00000000f52ed2f8,0x00000000f6c80000)
  to   space 70656K, 0% used [0x00000000fbb00000,0x00000000fbb00000,0x0000000100000000)
 ParOldGen       total 435200K, used 231497K [0x0000000080000000, 0x000000009a900000, 0x00000000d5580000)
  object space 435200K, 53% used [0x0000000080000000,0x000000008e212420,0x000000009a900000)
 Metaspace       used 125453K, capacity 136150K, committed 136424K, reserved 1167360K
  class space    used 15995K, capacity 17870K, committed 17936K, reserved 1048576K
}
Event: 9519.380 GC heap before
{Heap before GC invocations=58 (full 4):
 PSYoungGen      total 547840K, used 521652K [0x00000000d5580000, 0x0000000100000000, 0x0000000100000000)
  eden space 478208K, 100% used [0x00000000d5580000,0x00000000f2880000,0x00000000f2880000)
  from space 69632K, 62% used [0x00000000f2880000,0x00000000f52ed2f8,0x00000000f6c80000)
  to   space 70656K, 0% used [0x00000000fbb00000,0x00000000fbb00000,0x0000000100000000)
 ParOldGen       total 435200K, used 231497K [0x0000000080000000, 0x000000009a900000, 0x00000000d5580000)
  object space 435200K, 53% used [0x0000000080000000,0x000000008e212420,0x000000009a900000)
 Metaspace       used 125457K, capacity 136150K, committed 136424K, reserved 1167360K
  class space    used 15995K, capacity 17870K, committed 17936K, reserved 1048576K
Event: 9519.399 GC heap after
Heap after GC invocations=58 (full 4):
 PSYoungGen      total 626176K, used 43211K [0x00000000d5580000, 0x0000000100000000, 0x0000000100000000)
  eden space 555520K, 0% used [0x00000000d5580000,0x00000000d5580000,0x00000000f7400000)
  from space 70656K, 61% used [0x00000000fbb00000,0x00000000fe532c68,0x0000000100000000)
  to   space 71680K, 0% used [0x00000000f7400000,0x00000000f7400000,0x00000000fba00000)
 ParOldGen       total 435200K, used 231609K [0x0000000080000000, 0x000000009a900000, 0x00000000d5580000)
  object space 435200K, 53% used [0x0000000080000000,0x000000008e22e420,0x000000009a900000)
 Metaspace       used 125457K, capacity 136150K, committed 136424K, reserved 1167360K
  class space    used 15995K, capacity 17870K, committed 17936K, reserved 1048576K
}
Event: 9519.763 GC heap before
{Heap before GC invocations=59 (full 4):
 PSYoungGen      total 626176K, used 598731K [0x00000000d5580000, 0x0000000100000000, 0x0000000100000000)
  eden space 555520K, 100% used [0x00000000d5580000,0x00000000f7400000,0x00000000f7400000)
  from space 70656K, 61% used [0x00000000fbb00000,0x00000000fe532c68,0x0000000100000000)
  to   space 71680K, 0% used [0x00000000f7400000,0x00000000f7400000,0x00000000fba00000)
 ParOldGen       total 435200K, used 231609K [0x0000000080000000, 0x000000009a900000, 0x00000000d5580000)
  object space 435200K, 53% used [0x0000000080000000,0x000000008e22e420,0x000000009a900000)
 Metaspace       used 125466K, capacity 136150K, committed 136424K, reserved 1167360K
  class space    used 15995K, capacity 17870K, committed 17936K, reserved 1048576K
Event: 9519.783 GC heap after
Heap after GC invocations=59 (full 4):
 PSYoungGen      total 627200K, used 41557K [0x00000000d5580000, 0x0000000100000000, 0x0000000100000000)
  eden space 555520K, 0% used [0x00000000d5580000,0x00000000d5580000,0x00000000f7400000)
  from space 71680K, 57% used [0x00000000f7400000,0x00000000f9c95778,0x00000000fba00000)
  to   space 71168K, 0% used [0x00000000fba80000,0x00000000fba80000,0x0000000100000000)
 ParOldGen       total 435200K, used 231835K [0x0000000080000000, 0x000000009a900000, 0x00000000d5580000)
  object space 435200K, 53% used [0x0000000080000000,0x000000008e266ca0,0x000000009a900000)
 Metaspace       used 125466K, capacity 136150K, committed 136424K, reserved 1167360K
  class space    used 15995K, capacity 17870K, committed 17936K, reserved 1048576K
}
Event: 9520.331 GC heap before
{Heap before GC invocations=60 (full 4):
 PSYoungGen      total 627200K, used 597077K [0x00000000d5580000, 0x0000000100000000, 0x0000000100000000)
  eden space 555520K, 100% used [0x00000000d5580000,0x00000000f7400000,0x00000000f7400000)
  from space 71680K, 57% used [0x00000000f7400000,0x00000000f9c95778,0x00000000fba00000)
  to   space 71168K, 0% used [0x00000000fba80000,0x00000000fba80000,0x0000000100000000)
 ParOldGen       total 435200K, used 231835K [0x0000000080000000, 0x000000009a900000, 0x00000000d5580000)
  object space 435200K, 53% used [0x0000000080000000,0x000000008e266ca0,0x000000009a900000)
 Metaspace       used 125539K, capacity 136218K, committed 136424K, reserved 1167360K
  class space    used 15995K, capacity 17870K, committed 17936K, reserved 1048576K
Event: 9520.346 GC heap after
Heap after GC invocations=60 (full 4):
 PSYoungGen      total 626688K, used 8985K [0x00000000d5580000, 0x0000000100000000, 0x0000000100000000)
  eden space 555520K, 0% used [0x00000000d5580000,0x00000000d5580000,0x00000000f7400000)
  from space 71168K, 12% used [0x00000000fba80000,0x00000000fc346540,0x0000000100000000)
  to   space 71680K, 0% used [0x00000000f7400000,0x00000000f7400000,0x00000000fba00000)
 ParOldGen       total 435200K, used 245837K [0x0000000080000000, 0x000000009a900000, 0x00000000d5580000)
  object space 435200K, 56% used [0x0000000080000000,0x000000008f0136a8,0x000000009a900000)
 Metaspace       used 125539K, capacity 136218K, committed 136424K, reserved 1167360K
  class space    used 15995K, capacity 17870K, committed 17936K, reserved 1048576K
}
Event: 9521.103 GC heap before
{Heap before GC invocations=61 (full 4):
 PSYoungGen      total 626688K, used 564505K [0x00000000d5580000, 0x0000000100000000, 0x0000000100000000)
  eden space 555520K, 100% used [0x00000000d5580000,0x00000000f7400000,0x00000000f7400000)
  from space 71168K, 12% used [0x00000000fba80000,0x00000000fc346540,0x0000000100000000)
  to   space 71680K, 0% used [0x00000000f7400000,0x00000000f7400000,0x00000000fba00000)
 ParOldGen       total 435200K, used 245837K [0x0000000080000000, 0x000000009a900000, 0x00000000d5580000)
  object space 435200K, 56% used [0x0000000080000000,0x000000008f0136a8,0x000000009a900000)
 Metaspace       used 125545K, capacity 136218K, committed 136424K, reserved 1167360K
  class space    used 15995K, capacity 17870K, committed 17936K, reserved 1048576K
Event: 9521.111 GC heap after
Heap after GC invocations=61 (full 4):
 PSYoungGen      total 627200K, used 7686K [0x00000000d5580000, 0x00000000fff80000, 0x0000000100000000)
  eden space 555520K, 0% used [0x00000000d5580000,0x00000000d5580000,0x00000000f7400000)
  from space 71680K, 10% used [0x00000000f7400000,0x00000000f7b81af0,0x00000000fba00000)
  to   space 71168K, 0% used [0x00000000fba00000,0x00000000fba00000,0x00000000fff80000)
 ParOldGen       total 435200K, used 247461K [0x0000000080000000, 0x000000009a900000, 0x00000000d5580000)
  object space 435200K, 56% used [0x0000000080000000,0x000000008f1a96a8,0x000000009a900000)
 Metaspace       used 125545K, capacity 136218K, committed 136424K, reserved 1167360K
  class space    used 15995K, capacity 17870K, committed 17936K, reserved 1048576K
}

Deoptimization events (10 events):
Event: 9519.467 Thread 0x000000003d7b2800 Uncommon trap: reason=unstable_if action=reinterpret pc=0x00000000096baf40 method=com.android.tools.r8.ir.optimize.l.a(Lcom/android/tools/r8/s/b/M0;Lcom/android/tools/r8/s/b/o;I)[Lcom/android/tools/r8/s/b/y; @ 65
Event: 9519.553 Thread 0x000000003d7af000 Uncommon trap: reason=unstable_if action=reinterpret pc=0x0000000006e2ad34 method=com.android.tools.r8.ir.optimize.d0.a(Lcom/android/tools/r8/ir/optimize/d0;)V @ 15
Event: 9519.724 Thread 0x000000003d7af000 Uncommon trap: reason=unstable_if action=reinterpret pc=0x0000000008b16db0 method=com.android.tools.r8.ir.regalloc.a.a(Lcom/android/tools/r8/s/b/X;Lcom/android/tools/r8/q/a/a/b/X;Ljava/util/List;Lcom/android/tools/r8/ir/regalloc/e;Ljava/util/Map;)V @ 1575
Event: 9519.889 Thread 0x000000003d7af000 Uncommon trap: reason=unstable_if action=reinterpret pc=0x0000000009725ee8 method=com.android.tools.r8.ir.regalloc.a.a(Lcom/android/tools/r8/ir/regalloc/a$a;Z)Lcom/android/tools/r8/ir/regalloc/a$a; @ 3123
Event: 9520.315 Thread 0x000000003d7af000 Uncommon trap: reason=class_check action=maybe_recompile pc=0x0000000007e6f1a0 method=com.android.tools.r8.ir.optimize.n.a(Lcom/android/tools/r8/graph/f;Lcom/android/tools/r8/s/b/X;)V @ 745
Event: 9520.329 Thread 0x000000002195f800 Uncommon trap: reason=bimorphic action=maybe_recompile pc=0x0000000006db3c04 method=com.android.tools.r8.s.a.h.e.a(Lcom/android/tools/r8/s/b/U0;)V @ 75
Event: 9520.329 Thread 0x000000002195f800 Uncommon trap: reason=bimorphic action=maybe_recompile pc=0x00000000062953ec method=com.android.tools.r8.s.a.h.e.a(Lcom/android/tools/r8/s/b/U0;)V @ 75
Event: 9520.365 Thread 0x000000003d7b6000 Uncommon trap: reason=class_check action=maybe_recompile pc=0x0000000007e6f1a0 method=com.android.tools.r8.ir.optimize.n.a(Lcom/android/tools/r8/graph/f;Lcom/android/tools/r8/s/b/X;)V @ 745
Event: 9520.396 Thread 0x000000003d7b6000 Uncommon trap: reason=class_check action=maybe_recompile pc=0x0000000007e6f1a0 method=com.android.tools.r8.ir.optimize.n.a(Lcom/android/tools/r8/graph/f;Lcom/android/tools/r8/s/b/X;)V @ 745
Event: 9521.476 Thread 0x00000000229d4800 Uncommon trap: reason=bimorphic action=maybe_recompile pc=0x00000000092bb144 method=org.gradle.internal.snapshot.impl.AbstractScalarValueSnapshot.snapshot(Ljava/lang/Object;Lorg/gradle/internal/snapshot/ValueSnapshotter;)Lorg/gradle/internal/snapshot/Valu

Classes redefined (0 events):
No events

Internal exceptions (10 events):
Event: 9523.833 Thread 0x000000001d918800 Exception <a 'sun/nio/fs/WindowsException'> (0x00000000eedff420) thrown at [C:\src\AOSP-openjdk-git\hotspot\src\share\vm\prims\jni.cpp, line 710]
Event: 9523.833 Thread 0x000000001d918800 Exception <a 'sun/nio/fs/WindowsException'> (0x00000000eedff958) thrown at [C:\src\AOSP-openjdk-git\hotspot\src\share\vm\prims\jni.cpp, line 710]
Event: 9523.833 Thread 0x000000001d918800 Exception <a 'sun/nio/fs/WindowsException'> (0x00000000eee00770) thrown at [C:\src\AOSP-openjdk-git\hotspot\src\share\vm\prims\jni.cpp, line 710]
Event: 9523.833 Thread 0x000000001d918800 Exception <a 'sun/nio/fs/WindowsException'> (0x00000000eee00c98) thrown at [C:\src\AOSP-openjdk-git\hotspot\src\share\vm\prims\jni.cpp, line 710]
Event: 9523.833 Thread 0x000000001d918800 Exception <a 'sun/nio/fs/WindowsException'> (0x00000000eee01aa0) thrown at [C:\src\AOSP-openjdk-git\hotspot\src\share\vm\prims\jni.cpp, line 710]
Event: 9523.835 Thread 0x000000001d918800 Exception <a 'sun/nio/fs/WindowsException'> (0x00000000eee4cda0) thrown at [C:\src\AOSP-openjdk-git\hotspot\src\share\vm\prims\jni.cpp, line 710]
Event: 9523.836 Thread 0x000000001d918800 Exception <a 'sun/nio/fs/WindowsException'> (0x00000000eee53d40) thrown at [C:\src\AOSP-openjdk-git\hotspot\src\share\vm\prims\jni.cpp, line 710]
Event: 9523.839 Thread 0x000000001d918800 Exception <a 'sun/nio/fs/WindowsException'> (0x00000000eee59990) thrown at [C:\src\AOSP-openjdk-git\hotspot\src\share\vm\prims\jni.cpp, line 710]
Event: 9523.840 Thread 0x000000001d918800 Exception <a 'sun/nio/fs/WindowsException'> (0x00000000eee600e0) thrown at [C:\src\AOSP-openjdk-git\hotspot\src\share\vm\prims\jni.cpp, line 710]
Event: 9523.841 Thread 0x000000001d918800 Exception <a 'sun/nio/fs/WindowsException'> (0x00000000ef861f78) thrown at [C:\src\AOSP-openjdk-git\hotspot\src\share\vm\prims\jni.cpp, line 710]

Events (10 events):
Event: 9523.826 Thread 0x000000001d918800 DEOPT UNPACKING pc=0x00000000033375d0 sp=0x000000003518d038 mode 0
Event: 9523.828 Thread 0x0000000019c7a000 flushing nmethod 0x0000000006fe5e90
Event: 9523.831 Thread 0x0000000019c7a000 flushing nmethod 0x00000000072ca1d0
Event: 9523.841 Thread 0x0000000019c7b000 flushing nmethod 0x0000000007633f90
Event: 9523.891 Thread 0x000000001d913000 DEOPT PACKING pc=0x000000000974ff25 sp=0x0000000035a7d040
Event: 9523.891 Thread 0x000000001d913000 DEOPT UNPACKING pc=0x00000000033375d0 sp=0x0000000035a7d088 mode 0
Event: 9523.892 Thread 0x000000001d913000 DEOPT PACKING pc=0x00000000086ceafd sp=0x0000000035a7cfb0
Event: 9523.892 Thread 0x000000001d913000 DEOPT UNPACKING pc=0x00000000033375d0 sp=0x0000000035a7d090 mode 0
Event: 9523.920 Thread 0x000000001d913000 DEOPT PACKING pc=0x000000000974ff25 sp=0x0000000035a7d040
Event: 9523.920 Thread 0x000000001d913000 DEOPT UNPACKING pc=0x00000000033375d0 sp=0x0000000035a7d088 mode 0


Dynamic libraries:
0x00007ff6b63a0000 - 0x00007ff6b63d1000 	C:\Program Files\Android\Android Studio\jre\bin\java.exe
0x00007ffbadc30000 - 0x00007ffbade25000 	C:\WINDOWS\SYSTEM32\ntdll.dll
0x00007ffbada00000 - 0x00007ffbadabd000 	C:\WINDOWS\System32\KERNEL32.DLL
0x00007ffbab680000 - 0x00007ffbab948000 	C:\WINDOWS\System32\KERNELBASE.dll
0x00007ffbad530000 - 0x00007ffbad5dc000 	C:\WINDOWS\System32\ADVAPI32.dll
0x00007ffbadaf0000 - 0x00007ffbadb8e000 	C:\WINDOWS\System32\msvcrt.dll
0x00007ffbad8b0000 - 0x00007ffbad94b000 	C:\WINDOWS\System32\sechost.dll
0x00007ffbad5e0000 - 0x00007ffbad70b000 	C:\WINDOWS\System32\RPCRT4.dll
0x00007ffbad710000 - 0x00007ffbad8b0000 	C:\WINDOWS\System32\USER32.dll
0x00007ffbab9b0000 - 0x00007ffbab9d2000 	C:\WINDOWS\System32\win32u.dll
0x00007ffbac980000 - 0x00007ffbac9aa000 	C:\WINDOWS\System32\GDI32.dll
0x00007ffbab570000 - 0x00007ffbab67b000 	C:\WINDOWS\System32\gdi32full.dll
0x00007ffbab4a0000 - 0x00007ffbab53d000 	C:\WINDOWS\System32\msvcp_win.dll
0x00007ffbabb90000 - 0x00007ffbabc90000 	C:\WINDOWS\System32\ucrtbase.dll
0x00007ffb9c0f0000 - 0x00007ffb9c38a000 	C:\WINDOWS\WinSxS\amd64_microsoft.windows.common-controls_6595b64144ccf1df_6.0.19041.844_none_ca00b6081b84eb1d\COMCTL32.dll
0x00007ffbadac0000 - 0x00007ffbadaf0000 	C:\WINDOWS\System32\IMM32.DLL
0x0000000066560000 - 0x0000000066632000 	C:\Program Files\Android\Android Studio\jre\jre\bin\msvcr100.dll
0x0000000066720000 - 0x0000000066f6b000 	C:\Program Files\Android\Android Studio\jre\jre\bin\server\jvm.dll
0x00007ffbaccd0000 - 0x00007ffbaccd8000 	C:\WINDOWS\System32\PSAPI.DLL
0x00007ffb9d7a0000 - 0x00007ffb9d7a9000 	C:\WINDOWS\SYSTEM32\WSOCK32.dll
0x00007ffba7d90000 - 0x00007ffba7d9a000 	C:\WINDOWS\SYSTEM32\VERSION.dll
0x00007ffba0da0000 - 0x00007ffba0dc7000 	C:\WINDOWS\SYSTEM32\WINMM.dll
0x00007ffbac910000 - 0x00007ffbac97b000 	C:\WINDOWS\System32\WS2_32.dll
0x00007ffba5d60000 - 0x00007ffba5d6f000 	C:\Program Files\Android\Android Studio\jre\jre\bin\verify.dll
0x00007ffba1e20000 - 0x00007ffba1e49000 	C:\Program Files\Android\Android Studio\jre\jre\bin\java.dll
0x00007ffba46a0000 - 0x00007ffba46b6000 	C:\Program Files\Android\Android Studio\jre\jre\bin\zip.dll
0x00007ffbacd40000 - 0x00007ffbad482000 	C:\WINDOWS\System32\SHELL32.dll
0x00007ffba9470000 - 0x00007ffba9c01000 	C:\WINDOWS\SYSTEM32\windows.storage.dll
0x00007ffbac400000 - 0x00007ffbac755000 	C:\WINDOWS\System32\combase.dll
0x00007ffbaade0000 - 0x00007ffbaae0c000 	C:\WINDOWS\SYSTEM32\Wldp.dll
0x00007ffbad950000 - 0x00007ffbad9fe000 	C:\WINDOWS\System32\SHCORE.dll
0x00007ffbadb90000 - 0x00007ffbadbe5000 	C:\WINDOWS\System32\shlwapi.dll
0x00007ffbab2b0000 - 0x00007ffbab2cf000 	C:\WINDOWS\SYSTEM32\profapi.dll
0x00007ffba4610000 - 0x00007ffba462a000 	C:\Program Files\Android\Android Studio\jre\jre\bin\net.dll
0x00007ffbaab50000 - 0x00007ffbaabba000 	C:\WINDOWS\system32\mswsock.dll
0x00007ffba4540000 - 0x00007ffba4553000 	C:\Program Files\Android\Android Studio\jre\jre\bin\nio.dll
0x00007ffba1c50000 - 0x00007ffba1c77000 	C:\Users\v14nt\.gradle\native\f6784746aeab05261644944871eae4fe03e0ef1612fff0a4a95f87b438bc6780\windows-amd64\native-platform.dll
0x00007ffba4940000 - 0x00007ffba494d000 	C:\Program Files\Android\Android Studio\jre\jre\bin\management.dll
0x00007ffbaad20000 - 0x00007ffbaad38000 	C:\WINDOWS\SYSTEM32\CRYPTSP.dll
0x00007ffbaa480000 - 0x00007ffbaa4b4000 	C:\WINDOWS\system32\rsaenh.dll
0x00007ffbab540000 - 0x00007ffbab567000 	C:\WINDOWS\System32\bcrypt.dll
0x00007ffbab230000 - 0x00007ffbab25e000 	C:\WINDOWS\SYSTEM32\USERENV.dll
0x00007ffbab370000 - 0x00007ffbab3f0000 	C:\WINDOWS\System32\bcryptprimitives.dll
0x00007ffbaad40000 - 0x00007ffbaad4c000 	C:\WINDOWS\SYSTEM32\CRYPTBASE.dll
0x00007ffbaa7f0000 - 0x00007ffbaa82b000 	C:\WINDOWS\SYSTEM32\IPHLPAPI.DLL
0x00007ffbac3d0000 - 0x00007ffbac3d8000 	C:\WINDOWS\System32\NSI.dll
0x00007ffba5950000 - 0x00007ffba5967000 	C:\WINDOWS\SYSTEM32\dhcpcsvc6.DLL
0x00007ffba5910000 - 0x00007ffba592d000 	C:\WINDOWS\SYSTEM32\dhcpcsvc.DLL
0x00007ffbaa830000 - 0x00007ffbaa8fc000 	C:\WINDOWS\SYSTEM32\DNSAPI.dll
0x00007ffba5ac0000 - 0x00007ffba5acb000 	C:\WINDOWS\SYSTEM32\WINNSI.DLL
0x00007ffba45e0000 - 0x00007ffba4604000 	C:\Program Files\Android\Android Studio\jre\jre\bin\sunec.dll
0x00007ffba4360000 - 0x00007ffba436a000 	C:\Windows\System32\rasadhlp.dll
0x00007ffba3d90000 - 0x00007ffba3e0f000 	C:\WINDOWS\System32\fwpuclnt.dll
0x00007ffba47e0000 - 0x00007ffba47eb000 	C:\Program Files\Android\Android Studio\jre\jre\bin\sunmscapi.dll
0x00007ffbaba30000 - 0x00007ffbabb8f000 	C:\WINDOWS\System32\CRYPT32.dll
0x00007ffbaa090000 - 0x00007ffbaa0c3000 	C:\WINDOWS\SYSTEM32\ntmarta.dll
0x00007ffba7ca0000 - 0x00007ffba7d30000 	C:\WINDOWS\system32\apphelp.dll

VM Arguments:
jvm_args: -Xmx2048m -Dfile.encoding=UTF-8 -Duser.country=ID -Duser.language=en -Duser.variant 
java_command: org.gradle.launcher.daemon.bootstrap.GradleDaemon 6.5
java_class_path (initial): C:\Users\v14nt\.gradle\wrapper\dists\gradle-6.5-bin\6nifqtx7604sqp1q6g8wikw7p\gradle-6.5\lib\gradle-launcher-6.5.jar
Launcher Type: SUN_STANDARD

Environment Variables:
JAVA_HOME=C:\Program Files\Java\jdk-15.0.2
PATH=C:\Program Files\Common Files\Oracle\Java\javapath;C:\Program Files\NVIDIA GPU Computing Toolkit\CUDA\v11.1\bin;C:\Program Files\NVIDIA GPU Computing Toolkit\CUDA\v11.1\libnvvp;C:\Program Files (x86)\Common Files\Intel\Shared Files\cpp\bin\Intel64;C:\Program Files (x86)\Common Files\Intel\Shared Libraries\redist\intel64\compiler;C:\Program Files (x86)\Common Files\Oracle\Java\javapath;C:\ProgramData\Oracle\Java\javapath;C:\Windows\system32;C:\Windows;C:\Windows\System32\Wbem;C:\Windows\System32\WindowsPowerShell\v1.0\;C:\Windows\System32\OpenSSH\;C:\Program Files\NVIDIA Corporation\NVIDIA NvDLISR;C:\Program Files (x86)\NVIDIA Corporation\PhysX\Common;C:\Program Files\PuTTY\;C:\WINDOWS\system32;C:\WINDOWS;C:\WINDOWS\System32\Wbem;C:\WINDOWS\System32\WindowsPowerShell\v1.0\;C:\WINDOWS\System32\OpenSSH\;C:\Program Files\NVIDIA Corporation\Nsight Compute 2020.2.1\;C:\xampp\php;C:\ProgramData\ComposerSetup\bin;C:\Program Files\Java\jdk-15.0.2\bin;C:\Program Files\Git\cmd;C:\Program Files\MongoDB\Server\4.4\bin;C:\Users\v14nt\AppData\Local\Microsoft\WindowsApps;C:\Users\v14nt\AppData\Local\GitHubDesktop\bin;C:\Users\v14nt\AppData\Local\Microsoft\WindowsApps;;C:\Users\v14nt\AppData\Local\Programs\Microsoft VS Code\bin;C:\Users\v14nt\AppData\Roaming\Composer\vendor\bin
USERNAME=v14nt
OS=Windows_NT
PROCESSOR_IDENTIFIER=Intel64 Family 6 Model 158 Stepping 10, GenuineIntel



---------------  S Y S T E M  ---------------

OS: Windows 10.0 , 64 bit Build 19041 (10.0.19041.804)

CPU:total 12 (initial active 12) (6 cores per cpu, 2 threads per core) family 6 model 158 stepping 10, cmov, cx8, fxsr, mmx, sse, sse2, sse3, ssse3, sse4.1, sse4.2, popcnt, avx, avx2, aes, clmul, erms, 3dnowpref, lzcnt, ht, tsc, tscinvbit, bmi1, bmi2, adx

Memory: 4k page, physical 25011824k(8407132k free), swap 25011824k(5216k free)

vm_info: OpenJDK 64-Bit Server VM (25.242-b01) for windows-amd64 JRE (1.8.0_242-release-1644-b01), built by "builder" with MS VC++ 10.0 (VS2010)

time: Wed Mar 31 04:29:01 2021
timezone: SE Asia Standard Time
elapsed time: 9524 seconds (0d 2h 38m 44s)

